2017-04-22 16:06:31.827  INFO 37976 --- [main] c.project.isakatch.IsAKatchApplication   : Starting IsAKatchApplication on MSC0L9WG80L with PID 37976 (/Users/kphan1/Dev/Personal/IsAKatch/target/classes started by kphan1 in /Users/kphan1/Dev/Personal/IsAKatch)
2017-04-22 16:06:31.831  INFO 37976 --- [main] c.project.isakatch.IsAKatchApplication   : No active profile set, falling back to default profiles: default
2017-04-22 16:06:31.919  INFO 37976 --- [main] ationConfigEmbeddedWebApplicationContext : Refreshing org.springframework.boot.context.embedded.AnnotationConfigEmbeddedWebApplicationContext@255b53dc: startup date [Sat Apr 22 16:06:31 EDT 2017]; root of context hierarchy
2017-04-22 16:06:33.296  INFO 37976 --- [main] s.b.c.e.t.TomcatEmbeddedServletContainer : Tomcat initialized with port(s): 8080 (http)
2017-04-22 16:06:33.306  INFO 37976 --- [main] o.apache.catalina.core.StandardService   : Starting service Tomcat
2017-04-22 16:06:33.307  INFO 37976 --- [main] org.apache.catalina.core.StandardEngine  : Starting Servlet Engine: Apache Tomcat/8.5.14
2017-04-22 16:06:33.400  INFO 37976 --- [localhost-startStop-1] o.a.c.c.C.[Tomcat].[localhost].[/]       : Initializing Spring embedded WebApplicationContext
2017-04-22 16:06:33.401  INFO 37976 --- [localhost-startStop-1] o.s.web.context.ContextLoader            : Root WebApplicationContext: initialization completed in 1488 ms
2017-04-22 16:06:33.508  INFO 37976 --- [localhost-startStop-1] o.s.b.w.servlet.ServletRegistrationBean  : Mapping servlet: 'webServlet' to [/console/*]
2017-04-22 16:06:33.510  INFO 37976 --- [localhost-startStop-1] o.s.b.w.servlet.ServletRegistrationBean  : Mapping servlet: 'dispatcherServlet' to [/]
2017-04-22 16:06:33.512  INFO 37976 --- [localhost-startStop-1] o.s.b.w.servlet.FilterRegistrationBean   : Mapping filter: 'characterEncodingFilter' to: [/*]
2017-04-22 16:06:33.513  INFO 37976 --- [localhost-startStop-1] o.s.b.w.servlet.FilterRegistrationBean   : Mapping filter: 'hiddenHttpMethodFilter' to: [/*]
2017-04-22 16:06:33.513  INFO 37976 --- [localhost-startStop-1] o.s.b.w.servlet.FilterRegistrationBean   : Mapping filter: 'httpPutFormContentFilter' to: [/*]
2017-04-22 16:06:33.513  INFO 37976 --- [localhost-startStop-1] o.s.b.w.servlet.FilterRegistrationBean   : Mapping filter: 'requestContextFilter' to: [/*]
2017-04-22 16:06:33.869  INFO 37976 --- [main] j.LocalContainerEntityManagerFactoryBean : Building JPA container EntityManagerFactory for persistence unit 'default'
2017-04-22 16:06:33.881  INFO 37976 --- [main] o.hibernate.jpa.internal.util.LogHelper  : HHH000204: Processing PersistenceUnitInfo [
	name: default
	...]
2017-04-22 16:06:33.936  INFO 37976 --- [main] org.hibernate.Version                    : HHH000412: Hibernate Core {5.0.12.Final}
2017-04-22 16:06:33.937  INFO 37976 --- [main] org.hibernate.cfg.Environment            : HHH000206: hibernate.properties not found
2017-04-22 16:06:33.938  INFO 37976 --- [main] org.hibernate.cfg.Environment            : HHH000021: Bytecode provider name : javassist
2017-04-22 16:06:33.964  INFO 37976 --- [main] o.hibernate.annotations.common.Version   : HCANN000001: Hibernate Commons Annotations {5.0.1.Final}
2017-04-22 16:06:34.040  INFO 37976 --- [main] org.hibernate.dialect.Dialect            : HHH000400: Using dialect: org.hibernate.dialect.H2Dialect
2017-04-22 16:06:34.427  INFO 37976 --- [main] org.hibernate.tool.hbm2ddl.SchemaExport  : HHH000227: Running hbm2ddl schema export
2017-04-22 16:06:34.437  INFO 37976 --- [main] org.hibernate.tool.hbm2ddl.SchemaExport  : HHH000230: Schema export complete
2017-04-22 16:06:34.463  INFO 37976 --- [main] j.LocalContainerEntityManagerFactoryBean : Initialized JPA EntityManagerFactory for persistence unit 'default'
2017-04-22 16:06:34.774  INFO 37976 --- [main] s.w.s.m.m.a.RequestMappingHandlerAdapter : Looking for @ControllerAdvice: org.springframework.boot.context.embedded.AnnotationConfigEmbeddedWebApplicationContext@255b53dc: startup date [Sat Apr 22 16:06:31 EDT 2017]; root of context hierarchy
2017-04-22 16:06:34.821  INFO 37976 --- [main] s.w.s.m.m.a.RequestMappingHandlerMapping : Mapped "{[/getProducts]}" onto public com.project.isakatch.Model.Bag com.project.isakatch.Controller.HelloController.getProducts()
2017-04-22 16:06:34.823  INFO 37976 --- [main] s.w.s.m.m.a.RequestMappingHandlerMapping : Mapped "{[/error]}" onto public org.springframework.http.ResponseEntity<java.util.Map<java.lang.String, java.lang.Object>> org.springframework.boot.autoconfigure.web.BasicErrorController.error(javax.servlet.http.HttpServletRequest)
2017-04-22 16:06:34.823  INFO 37976 --- [main] s.w.s.m.m.a.RequestMappingHandlerMapping : Mapped "{[/error],produces=[text/html]}" onto public org.springframework.web.servlet.ModelAndView org.springframework.boot.autoconfigure.web.BasicErrorController.errorHtml(javax.servlet.http.HttpServletRequest,javax.servlet.http.HttpServletResponse)
2017-04-22 16:06:34.842  INFO 37976 --- [main] o.s.w.s.handler.SimpleUrlHandlerMapping  : Mapped URL path [/webjars/**] onto handler of type [class org.springframework.web.servlet.resource.ResourceHttpRequestHandler]
2017-04-22 16:06:34.842  INFO 37976 --- [main] o.s.w.s.handler.SimpleUrlHandlerMapping  : Mapped URL path [/**] onto handler of type [class org.springframework.web.servlet.resource.ResourceHttpRequestHandler]
2017-04-22 16:06:34.866  INFO 37976 --- [main] o.s.w.s.handler.SimpleUrlHandlerMapping  : Mapped URL path [/**/favicon.ico] onto handler of type [class org.springframework.web.servlet.resource.ResourceHttpRequestHandler]
2017-04-22 16:06:35.033  INFO 37976 --- [main] o.s.j.e.a.AnnotationMBeanExporter        : Registering beans for JMX exposure on startup
2017-04-22 16:06:35.108  INFO 37976 --- [main] c.p.i.Persistence.Loader.BagLoader       : Saved Shirt - id: 1
2017-04-22 16:06:35.145  INFO 37976 --- [main] s.b.c.e.t.TomcatEmbeddedServletContainer : Tomcat started on port(s): 8080 (http)
2017-04-22 16:06:35.153  INFO 37976 --- [main] c.project.isakatch.IsAKatchApplication   : Started IsAKatchApplication in 3.865 seconds (JVM running for 4.17)
2017-04-22 16:07:34.028  INFO 37976 --- [Thread-5] ationConfigEmbeddedWebApplicationContext : Closing org.springframework.boot.context.embedded.AnnotationConfigEmbeddedWebApplicationContext@255b53dc: startup date [Sat Apr 22 16:06:31 EDT 2017]; root of context hierarchy
2017-04-22 16:07:34.029  INFO 37976 --- [Thread-5] o.s.j.e.a.AnnotationMBeanExporter        : Unregistering JMX-exposed beans on shutdown
2017-04-22 16:07:34.030  INFO 37976 --- [Thread-5] j.LocalContainerEntityManagerFactoryBean : Closing JPA EntityManagerFactory for persistence unit 'default'
2017-04-22 16:07:34.030  INFO 37976 --- [Thread-5] org.hibernate.tool.hbm2ddl.SchemaExport  : HHH000227: Running hbm2ddl schema export
2017-04-22 16:07:34.032  INFO 37976 --- [Thread-5] org.hibernate.tool.hbm2ddl.SchemaExport  : HHH000230: Schema export complete
2017-04-22 16:07:36.941  INFO 37979 --- [main] c.project.isakatch.IsAKatchApplication   : Starting IsAKatchApplication on MSC0L9WG80L with PID 37979 (/Users/kphan1/Dev/Personal/IsAKatch/target/classes started by kphan1 in /Users/kphan1/Dev/Personal/IsAKatch)
2017-04-22 16:07:36.947  INFO 37979 --- [main] c.project.isakatch.IsAKatchApplication   : No active profile set, falling back to default profiles: default
2017-04-22 16:07:37.068  INFO 37979 --- [main] ationConfigEmbeddedWebApplicationContext : Refreshing org.springframework.boot.context.embedded.AnnotationConfigEmbeddedWebApplicationContext@255b53dc: startup date [Sat Apr 22 16:07:37 EDT 2017]; root of context hierarchy
2017-04-22 16:07:38.683  INFO 37979 --- [main] s.b.c.e.t.TomcatEmbeddedServletContainer : Tomcat initialized with port(s): 8080 (http)
2017-04-22 16:07:38.696  INFO 37979 --- [main] o.apache.catalina.core.StandardService   : Starting service Tomcat
2017-04-22 16:07:38.697  INFO 37979 --- [main] org.apache.catalina.core.StandardEngine  : Starting Servlet Engine: Apache Tomcat/8.5.14
2017-04-22 16:07:38.770  INFO 37979 --- [localhost-startStop-1] o.a.c.c.C.[Tomcat].[localhost].[/]       : Initializing Spring embedded WebApplicationContext
2017-04-22 16:07:38.770  INFO 37979 --- [localhost-startStop-1] o.s.web.context.ContextLoader            : Root WebApplicationContext: initialization completed in 1707 ms
2017-04-22 16:07:38.858  INFO 37979 --- [localhost-startStop-1] o.s.b.w.servlet.ServletRegistrationBean  : Mapping servlet: 'webServlet' to [/console/*]
2017-04-22 16:07:38.860  INFO 37979 --- [localhost-startStop-1] o.s.b.w.servlet.ServletRegistrationBean  : Mapping servlet: 'dispatcherServlet' to [/]
2017-04-22 16:07:38.861  INFO 37979 --- [localhost-startStop-1] o.s.b.w.servlet.FilterRegistrationBean   : Mapping filter: 'characterEncodingFilter' to: [/*]
2017-04-22 16:07:38.862  INFO 37979 --- [localhost-startStop-1] o.s.b.w.servlet.FilterRegistrationBean   : Mapping filter: 'hiddenHttpMethodFilter' to: [/*]
2017-04-22 16:07:38.862  INFO 37979 --- [localhost-startStop-1] o.s.b.w.servlet.FilterRegistrationBean   : Mapping filter: 'httpPutFormContentFilter' to: [/*]
2017-04-22 16:07:38.862  INFO 37979 --- [localhost-startStop-1] o.s.b.w.servlet.FilterRegistrationBean   : Mapping filter: 'requestContextFilter' to: [/*]
2017-04-22 16:07:39.234  INFO 37979 --- [main] j.LocalContainerEntityManagerFactoryBean : Building JPA container EntityManagerFactory for persistence unit 'default'
2017-04-22 16:07:39.247  INFO 37979 --- [main] o.hibernate.jpa.internal.util.LogHelper  : HHH000204: Processing PersistenceUnitInfo [
	name: default
	...]
2017-04-22 16:07:39.301  INFO 37979 --- [main] org.hibernate.Version                    : HHH000412: Hibernate Core {5.0.12.Final}
2017-04-22 16:07:39.302  INFO 37979 --- [main] org.hibernate.cfg.Environment            : HHH000206: hibernate.properties not found
2017-04-22 16:07:39.304  INFO 37979 --- [main] org.hibernate.cfg.Environment            : HHH000021: Bytecode provider name : javassist
2017-04-22 16:07:39.331  INFO 37979 --- [main] o.hibernate.annotations.common.Version   : HCANN000001: Hibernate Commons Annotations {5.0.1.Final}
2017-04-22 16:07:39.409  INFO 37979 --- [main] org.hibernate.dialect.Dialect            : HHH000400: Using dialect: org.hibernate.dialect.H2Dialect
2017-04-22 16:07:39.822  INFO 37979 --- [main] org.hibernate.tool.hbm2ddl.SchemaExport  : HHH000227: Running hbm2ddl schema export
2017-04-22 16:07:39.832  INFO 37979 --- [main] org.hibernate.tool.hbm2ddl.SchemaExport  : HHH000230: Schema export complete
2017-04-22 16:07:39.858  INFO 37979 --- [main] j.LocalContainerEntityManagerFactoryBean : Initialized JPA EntityManagerFactory for persistence unit 'default'
2017-04-22 16:07:40.192  INFO 37979 --- [main] s.w.s.m.m.a.RequestMappingHandlerAdapter : Looking for @ControllerAdvice: org.springframework.boot.context.embedded.AnnotationConfigEmbeddedWebApplicationContext@255b53dc: startup date [Sat Apr 22 16:07:37 EDT 2017]; root of context hierarchy
2017-04-22 16:07:40.241  INFO 37979 --- [main] s.w.s.m.m.a.RequestMappingHandlerMapping : Mapped "{[/getProducts]}" onto public com.project.isakatch.Model.Bag com.project.isakatch.Controller.HelloController.getProducts()
2017-04-22 16:07:40.244  INFO 37979 --- [main] s.w.s.m.m.a.RequestMappingHandlerMapping : Mapped "{[/error]}" onto public org.springframework.http.ResponseEntity<java.util.Map<java.lang.String, java.lang.Object>> org.springframework.boot.autoconfigure.web.BasicErrorController.error(javax.servlet.http.HttpServletRequest)
2017-04-22 16:07:40.244  INFO 37979 --- [main] s.w.s.m.m.a.RequestMappingHandlerMapping : Mapped "{[/error],produces=[text/html]}" onto public org.springframework.web.servlet.ModelAndView org.springframework.boot.autoconfigure.web.BasicErrorController.errorHtml(javax.servlet.http.HttpServletRequest,javax.servlet.http.HttpServletResponse)
2017-04-22 16:07:40.267  INFO 37979 --- [main] o.s.w.s.handler.SimpleUrlHandlerMapping  : Mapped URL path [/webjars/**] onto handler of type [class org.springframework.web.servlet.resource.ResourceHttpRequestHandler]
2017-04-22 16:07:40.267  INFO 37979 --- [main] o.s.w.s.handler.SimpleUrlHandlerMapping  : Mapped URL path [/**] onto handler of type [class org.springframework.web.servlet.resource.ResourceHttpRequestHandler]
2017-04-22 16:07:40.292  INFO 37979 --- [main] o.s.w.s.handler.SimpleUrlHandlerMapping  : Mapped URL path [/**/favicon.ico] onto handler of type [class org.springframework.web.servlet.resource.ResourceHttpRequestHandler]
2017-04-22 16:07:40.470  INFO 37979 --- [main] o.s.j.e.a.AnnotationMBeanExporter        : Registering beans for JMX exposure on startup
2017-04-22 16:07:40.547  INFO 37979 --- [main] c.p.i.Persistence.Loader.BagLoader       : Saved Shirt - id: 1
2017-04-22 16:07:40.581  INFO 37979 --- [main] s.b.c.e.t.TomcatEmbeddedServletContainer : Tomcat started on port(s): 8080 (http)
2017-04-22 16:07:40.587  INFO 37979 --- [main] c.project.isakatch.IsAKatchApplication   : Started IsAKatchApplication in 4.077 seconds (JVM running for 4.409)
2017-04-22 16:07:43.742  INFO 37979 --- [http-nio-8080-exec-1] o.a.c.c.C.[Tomcat].[localhost].[/]       : Initializing Spring FrameworkServlet 'dispatcherServlet'
2017-04-22 16:07:43.742  INFO 37979 --- [http-nio-8080-exec-1] o.s.web.servlet.DispatcherServlet        : FrameworkServlet 'dispatcherServlet': initialization started
2017-04-22 16:07:43.752  INFO 37979 --- [http-nio-8080-exec-1] o.s.web.servlet.DispatcherServlet        : FrameworkServlet 'dispatcherServlet': initialization completed in 10 ms
2017-04-22 16:07:43.768  INFO 37979 --- [http-nio-8080-exec-1] c.p.isakatch.Controller.HelloController  : getProducts called
2017-04-22 16:25:15.186  INFO 37979 --- [Thread-5] ationConfigEmbeddedWebApplicationContext : Closing org.springframework.boot.context.embedded.AnnotationConfigEmbeddedWebApplicationContext@255b53dc: startup date [Sat Apr 22 16:07:37 EDT 2017]; root of context hierarchy
2017-04-22 16:25:15.188  INFO 37979 --- [Thread-5] o.s.j.e.a.AnnotationMBeanExporter        : Unregistering JMX-exposed beans on shutdown
2017-04-22 16:25:15.188  INFO 37979 --- [Thread-5] j.LocalContainerEntityManagerFactoryBean : Closing JPA EntityManagerFactory for persistence unit 'default'
2017-04-22 16:25:15.189  INFO 37979 --- [Thread-5] org.hibernate.tool.hbm2ddl.SchemaExport  : HHH000227: Running hbm2ddl schema export
2017-04-22 16:25:15.191  INFO 37979 --- [Thread-5] org.hibernate.tool.hbm2ddl.SchemaExport  : HHH000230: Schema export complete
2017-04-22 16:25:19.504  INFO 38395 --- [main] c.project.isakatch.IsAKatchApplication   : Starting IsAKatchApplication on MSC0L9WG80L with PID 38395 (/Users/kphan1/Dev/Personal/IsAKatch/target/classes started by kphan1 in /Users/kphan1/Dev/Personal/IsAKatch)
2017-04-22 16:25:19.506  INFO 38395 --- [main] c.project.isakatch.IsAKatchApplication   : No active profile set, falling back to default profiles: default
2017-04-22 16:25:19.543  INFO 38395 --- [main] ationConfigEmbeddedWebApplicationContext : Refreshing org.springframework.boot.context.embedded.AnnotationConfigEmbeddedWebApplicationContext@255b53dc: startup date [Sat Apr 22 16:25:19 EDT 2017]; root of context hierarchy
2017-04-22 16:25:20.611  INFO 38395 --- [main] s.b.c.e.t.TomcatEmbeddedServletContainer : Tomcat initialized with port(s): 8080 (http)
2017-04-22 16:25:20.623  INFO 38395 --- [main] o.apache.catalina.core.StandardService   : Starting service Tomcat
2017-04-22 16:25:20.624  INFO 38395 --- [main] org.apache.catalina.core.StandardEngine  : Starting Servlet Engine: Apache Tomcat/8.5.14
2017-04-22 16:25:20.714  INFO 38395 --- [localhost-startStop-1] o.a.c.c.C.[Tomcat].[localhost].[/]       : Initializing Spring embedded WebApplicationContext
2017-04-22 16:25:20.714  INFO 38395 --- [localhost-startStop-1] o.s.web.context.ContextLoader            : Root WebApplicationContext: initialization completed in 1174 ms
2017-04-22 16:25:20.801  INFO 38395 --- [localhost-startStop-1] o.s.b.w.servlet.ServletRegistrationBean  : Mapping servlet: 'webServlet' to [/console/*]
2017-04-22 16:25:20.802  INFO 38395 --- [localhost-startStop-1] o.s.b.w.servlet.ServletRegistrationBean  : Mapping servlet: 'dispatcherServlet' to [/]
2017-04-22 16:25:20.804  INFO 38395 --- [localhost-startStop-1] o.s.b.w.servlet.FilterRegistrationBean   : Mapping filter: 'characterEncodingFilter' to: [/*]
2017-04-22 16:25:20.805  INFO 38395 --- [localhost-startStop-1] o.s.b.w.servlet.FilterRegistrationBean   : Mapping filter: 'hiddenHttpMethodFilter' to: [/*]
2017-04-22 16:25:20.805  INFO 38395 --- [localhost-startStop-1] o.s.b.w.servlet.FilterRegistrationBean   : Mapping filter: 'httpPutFormContentFilter' to: [/*]
2017-04-22 16:25:20.805  INFO 38395 --- [localhost-startStop-1] o.s.b.w.servlet.FilterRegistrationBean   : Mapping filter: 'requestContextFilter' to: [/*]
2017-04-22 16:25:21.182  INFO 38395 --- [main] j.LocalContainerEntityManagerFactoryBean : Building JPA container EntityManagerFactory for persistence unit 'default'
2017-04-22 16:25:21.195  INFO 38395 --- [main] o.hibernate.jpa.internal.util.LogHelper  : HHH000204: Processing PersistenceUnitInfo [
	name: default
	...]
2017-04-22 16:25:21.246  INFO 38395 --- [main] org.hibernate.Version                    : HHH000412: Hibernate Core {5.0.12.Final}
2017-04-22 16:25:21.248  INFO 38395 --- [main] org.hibernate.cfg.Environment            : HHH000206: hibernate.properties not found
2017-04-22 16:25:21.249  INFO 38395 --- [main] org.hibernate.cfg.Environment            : HHH000021: Bytecode provider name : javassist
2017-04-22 16:25:21.276  INFO 38395 --- [main] o.hibernate.annotations.common.Version   : HCANN000001: Hibernate Commons Annotations {5.0.1.Final}
2017-04-22 16:25:21.352  INFO 38395 --- [main] org.hibernate.dialect.Dialect            : HHH000400: Using dialect: org.hibernate.dialect.H2Dialect
2017-04-22 16:25:21.757  INFO 38395 --- [main] org.hibernate.tool.hbm2ddl.SchemaExport  : HHH000227: Running hbm2ddl schema export
2017-04-22 16:25:21.767  INFO 38395 --- [main] org.hibernate.tool.hbm2ddl.SchemaExport  : HHH000230: Schema export complete
2017-04-22 16:25:21.794  INFO 38395 --- [main] j.LocalContainerEntityManagerFactoryBean : Initialized JPA EntityManagerFactory for persistence unit 'default'
2017-04-22 16:25:22.126  INFO 38395 --- [main] s.w.s.m.m.a.RequestMappingHandlerAdapter : Looking for @ControllerAdvice: org.springframework.boot.context.embedded.AnnotationConfigEmbeddedWebApplicationContext@255b53dc: startup date [Sat Apr 22 16:25:19 EDT 2017]; root of context hierarchy
2017-04-22 16:25:22.176  INFO 38395 --- [main] s.w.s.m.m.a.RequestMappingHandlerMapping : Mapped "{[/getBagById]}" onto public com.project.isakatch.Model.Bag com.project.isakatch.Controller.BagController.getProducts(int)
2017-04-22 16:25:22.179  INFO 38395 --- [main] s.w.s.m.m.a.RequestMappingHandlerMapping : Mapped "{[/error]}" onto public org.springframework.http.ResponseEntity<java.util.Map<java.lang.String, java.lang.Object>> org.springframework.boot.autoconfigure.web.BasicErrorController.error(javax.servlet.http.HttpServletRequest)
2017-04-22 16:25:22.179  INFO 38395 --- [main] s.w.s.m.m.a.RequestMappingHandlerMapping : Mapped "{[/error],produces=[text/html]}" onto public org.springframework.web.servlet.ModelAndView org.springframework.boot.autoconfigure.web.BasicErrorController.errorHtml(javax.servlet.http.HttpServletRequest,javax.servlet.http.HttpServletResponse)
2017-04-22 16:25:22.204  INFO 38395 --- [main] o.s.w.s.handler.SimpleUrlHandlerMapping  : Mapped URL path [/webjars/**] onto handler of type [class org.springframework.web.servlet.resource.ResourceHttpRequestHandler]
2017-04-22 16:25:22.204  INFO 38395 --- [main] o.s.w.s.handler.SimpleUrlHandlerMapping  : Mapped URL path [/**] onto handler of type [class org.springframework.web.servlet.resource.ResourceHttpRequestHandler]
2017-04-22 16:25:22.234  INFO 38395 --- [main] o.s.w.s.handler.SimpleUrlHandlerMapping  : Mapped URL path [/**/favicon.ico] onto handler of type [class org.springframework.web.servlet.resource.ResourceHttpRequestHandler]
2017-04-22 16:25:22.430  INFO 38395 --- [main] o.s.j.e.a.AnnotationMBeanExporter        : Registering beans for JMX exposure on startup
2017-04-22 16:25:22.495  INFO 38395 --- [main] c.p.i.Persistence.Loader.BagLoader       : Saved Shirt - id: 1
2017-04-22 16:25:22.530  INFO 38395 --- [main] s.b.c.e.t.TomcatEmbeddedServletContainer : Tomcat started on port(s): 8080 (http)
2017-04-22 16:25:22.537  INFO 38395 --- [main] c.project.isakatch.IsAKatchApplication   : Started IsAKatchApplication in 4.456 seconds (JVM running for 4.771)
2017-04-22 16:25:28.464  INFO 38395 --- [http-nio-8080-exec-1] o.a.c.c.C.[Tomcat].[localhost].[/]       : Initializing Spring FrameworkServlet 'dispatcherServlet'
2017-04-22 16:25:28.464  INFO 38395 --- [http-nio-8080-exec-1] o.s.web.servlet.DispatcherServlet        : FrameworkServlet 'dispatcherServlet': initialization started
2017-04-22 16:25:28.476  INFO 38395 --- [http-nio-8080-exec-1] o.s.web.servlet.DispatcherServlet        : FrameworkServlet 'dispatcherServlet': initialization completed in 11 ms
2017-04-22 16:28:08.780  INFO 38395 --- [Thread-5] ationConfigEmbeddedWebApplicationContext : Closing org.springframework.boot.context.embedded.AnnotationConfigEmbeddedWebApplicationContext@255b53dc: startup date [Sat Apr 22 16:25:19 EDT 2017]; root of context hierarchy
2017-04-22 16:28:08.782  INFO 38395 --- [Thread-5] o.s.j.e.a.AnnotationMBeanExporter        : Unregistering JMX-exposed beans on shutdown
2017-04-22 16:28:08.783  INFO 38395 --- [Thread-5] j.LocalContainerEntityManagerFactoryBean : Closing JPA EntityManagerFactory for persistence unit 'default'
2017-04-22 16:28:08.784  INFO 38395 --- [Thread-5] org.hibernate.tool.hbm2ddl.SchemaExport  : HHH000227: Running hbm2ddl schema export
2017-04-22 16:28:08.786  INFO 38395 --- [Thread-5] org.hibernate.tool.hbm2ddl.SchemaExport  : HHH000230: Schema export complete
2017-04-22 16:28:16.268  INFO 38464 --- [main] c.project.isakatch.IsAKatchApplication   : Starting IsAKatchApplication on MSC0L9WG80L with PID 38464 (/Users/kphan1/Dev/Personal/IsAKatch/target/classes started by kphan1 in /Users/kphan1/Dev/Personal/IsAKatch)
2017-04-22 16:28:16.271  INFO 38464 --- [main] c.project.isakatch.IsAKatchApplication   : No active profile set, falling back to default profiles: default
2017-04-22 16:28:16.309  INFO 38464 --- [main] ationConfigEmbeddedWebApplicationContext : Refreshing org.springframework.boot.context.embedded.AnnotationConfigEmbeddedWebApplicationContext@255b53dc: startup date [Sat Apr 22 16:28:16 EDT 2017]; root of context hierarchy
2017-04-22 16:28:17.753  INFO 38464 --- [main] s.b.c.e.t.TomcatEmbeddedServletContainer : Tomcat initialized with port(s): 8080 (http)
2017-04-22 16:28:17.763  INFO 38464 --- [main] o.apache.catalina.core.StandardService   : Starting service Tomcat
2017-04-22 16:28:17.763  INFO 38464 --- [main] org.apache.catalina.core.StandardEngine  : Starting Servlet Engine: Apache Tomcat/8.5.14
2017-04-22 16:28:17.848  INFO 38464 --- [localhost-startStop-1] o.a.c.c.C.[Tomcat].[localhost].[/]       : Initializing Spring embedded WebApplicationContext
2017-04-22 16:28:17.848  INFO 38464 --- [localhost-startStop-1] o.s.web.context.ContextLoader            : Root WebApplicationContext: initialization completed in 1542 ms
2017-04-22 16:28:17.950  INFO 38464 --- [localhost-startStop-1] o.s.b.w.servlet.ServletRegistrationBean  : Mapping servlet: 'webServlet' to [/console/*]
2017-04-22 16:28:17.951  INFO 38464 --- [localhost-startStop-1] o.s.b.w.servlet.ServletRegistrationBean  : Mapping servlet: 'dispatcherServlet' to [/]
2017-04-22 16:28:17.953  INFO 38464 --- [localhost-startStop-1] o.s.b.w.servlet.FilterRegistrationBean   : Mapping filter: 'characterEncodingFilter' to: [/*]
2017-04-22 16:28:17.953  INFO 38464 --- [localhost-startStop-1] o.s.b.w.servlet.FilterRegistrationBean   : Mapping filter: 'hiddenHttpMethodFilter' to: [/*]
2017-04-22 16:28:17.954  INFO 38464 --- [localhost-startStop-1] o.s.b.w.servlet.FilterRegistrationBean   : Mapping filter: 'httpPutFormContentFilter' to: [/*]
2017-04-22 16:28:17.954  INFO 38464 --- [localhost-startStop-1] o.s.b.w.servlet.FilterRegistrationBean   : Mapping filter: 'requestContextFilter' to: [/*]
2017-04-22 16:28:18.295  INFO 38464 --- [main] j.LocalContainerEntityManagerFactoryBean : Building JPA container EntityManagerFactory for persistence unit 'default'
2017-04-22 16:28:18.307  INFO 38464 --- [main] o.hibernate.jpa.internal.util.LogHelper  : HHH000204: Processing PersistenceUnitInfo [
	name: default
	...]
2017-04-22 16:28:18.360  INFO 38464 --- [main] org.hibernate.Version                    : HHH000412: Hibernate Core {5.0.12.Final}
2017-04-22 16:28:18.361  INFO 38464 --- [main] org.hibernate.cfg.Environment            : HHH000206: hibernate.properties not found
2017-04-22 16:28:18.362  INFO 38464 --- [main] org.hibernate.cfg.Environment            : HHH000021: Bytecode provider name : javassist
2017-04-22 16:28:18.388  INFO 38464 --- [main] o.hibernate.annotations.common.Version   : HCANN000001: Hibernate Commons Annotations {5.0.1.Final}
2017-04-22 16:28:18.467  INFO 38464 --- [main] org.hibernate.dialect.Dialect            : HHH000400: Using dialect: org.hibernate.dialect.H2Dialect
2017-04-22 16:28:18.853  INFO 38464 --- [main] org.hibernate.tool.hbm2ddl.SchemaExport  : HHH000227: Running hbm2ddl schema export
2017-04-22 16:28:18.863  INFO 38464 --- [main] org.hibernate.tool.hbm2ddl.SchemaExport  : HHH000230: Schema export complete
2017-04-22 16:28:18.889  INFO 38464 --- [main] j.LocalContainerEntityManagerFactoryBean : Initialized JPA EntityManagerFactory for persistence unit 'default'
2017-04-22 16:28:19.216  INFO 38464 --- [main] s.w.s.m.m.a.RequestMappingHandlerAdapter : Looking for @ControllerAdvice: org.springframework.boot.context.embedded.AnnotationConfigEmbeddedWebApplicationContext@255b53dc: startup date [Sat Apr 22 16:28:16 EDT 2017]; root of context hierarchy
2017-04-22 16:28:19.264  INFO 38464 --- [main] s.w.s.m.m.a.RequestMappingHandlerMapping : Mapped "{[/getBagById]}" onto public com.project.isakatch.Model.Bag com.project.isakatch.Controller.BagController.getProducts(int)
2017-04-22 16:28:19.266  INFO 38464 --- [main] s.w.s.m.m.a.RequestMappingHandlerMapping : Mapped "{[/error]}" onto public org.springframework.http.ResponseEntity<java.util.Map<java.lang.String, java.lang.Object>> org.springframework.boot.autoconfigure.web.BasicErrorController.error(javax.servlet.http.HttpServletRequest)
2017-04-22 16:28:19.266  INFO 38464 --- [main] s.w.s.m.m.a.RequestMappingHandlerMapping : Mapped "{[/error],produces=[text/html]}" onto public org.springframework.web.servlet.ModelAndView org.springframework.boot.autoconfigure.web.BasicErrorController.errorHtml(javax.servlet.http.HttpServletRequest,javax.servlet.http.HttpServletResponse)
2017-04-22 16:28:19.285  INFO 38464 --- [main] o.s.w.s.handler.SimpleUrlHandlerMapping  : Mapped URL path [/webjars/**] onto handler of type [class org.springframework.web.servlet.resource.ResourceHttpRequestHandler]
2017-04-22 16:28:19.286  INFO 38464 --- [main] o.s.w.s.handler.SimpleUrlHandlerMapping  : Mapped URL path [/**] onto handler of type [class org.springframework.web.servlet.resource.ResourceHttpRequestHandler]
2017-04-22 16:28:19.309  INFO 38464 --- [main] o.s.w.s.handler.SimpleUrlHandlerMapping  : Mapped URL path [/**/favicon.ico] onto handler of type [class org.springframework.web.servlet.resource.ResourceHttpRequestHandler]
2017-04-22 16:28:19.475  INFO 38464 --- [main] o.s.j.e.a.AnnotationMBeanExporter        : Registering beans for JMX exposure on startup
2017-04-22 16:28:19.553  INFO 38464 --- [main] c.p.i.Persistence.Loader.BagLoader       : Saved Shirt - id: 1
2017-04-22 16:28:19.588  INFO 38464 --- [main] s.b.c.e.t.TomcatEmbeddedServletContainer : Tomcat started on port(s): 8080 (http)
2017-04-22 16:28:19.595  INFO 38464 --- [main] c.project.isakatch.IsAKatchApplication   : Started IsAKatchApplication in 3.572 seconds (JVM running for 3.877)
2017-04-22 16:28:50.782  INFO 38464 --- [http-nio-8080-exec-1] o.a.c.c.C.[Tomcat].[localhost].[/]       : Initializing Spring FrameworkServlet 'dispatcherServlet'
2017-04-22 16:28:50.783  INFO 38464 --- [http-nio-8080-exec-1] o.s.web.servlet.DispatcherServlet        : FrameworkServlet 'dispatcherServlet': initialization started
2017-04-22 16:28:50.795  INFO 38464 --- [http-nio-8080-exec-1] o.s.web.servlet.DispatcherServlet        : FrameworkServlet 'dispatcherServlet': initialization completed in 12 ms
2017-04-22 16:28:50.820  INFO 38464 --- [http-nio-8080-exec-1] c.p.isakatch.Controller.BagController    : getBagById Called for id: 1
2017-04-22 16:28:59.615  INFO 38464 --- [http-nio-8080-exec-2] c.p.isakatch.Controller.BagController    : getBagById Called for id: 2
2017-04-22 16:29:15.491  INFO 38464 --- [http-nio-8080-exec-3] c.p.isakatch.Controller.BagController    : getBagById Called for id: 1
2017-04-22 16:29:26.727  INFO 38464 --- [http-nio-8080-exec-5] c.p.isakatch.Controller.BagController    : getBagById Called for id: 1
2017-04-22 16:36:33.825  INFO 38464 --- [Thread-5] ationConfigEmbeddedWebApplicationContext : Closing org.springframework.boot.context.embedded.AnnotationConfigEmbeddedWebApplicationContext@255b53dc: startup date [Sat Apr 22 16:28:16 EDT 2017]; root of context hierarchy
2017-04-22 16:36:33.827  INFO 38464 --- [Thread-5] o.s.j.e.a.AnnotationMBeanExporter        : Unregistering JMX-exposed beans on shutdown
2017-04-22 16:36:33.828  INFO 38464 --- [Thread-5] j.LocalContainerEntityManagerFactoryBean : Closing JPA EntityManagerFactory for persistence unit 'default'
2017-04-22 16:36:33.828  INFO 38464 --- [Thread-5] org.hibernate.tool.hbm2ddl.SchemaExport  : HHH000227: Running hbm2ddl schema export
2017-04-22 16:36:33.831  INFO 38464 --- [Thread-5] org.hibernate.tool.hbm2ddl.SchemaExport  : HHH000230: Schema export complete
2017-04-22 16:36:37.708  INFO 38920 --- [main] c.project.isakatch.IsAKatchApplication   : Starting IsAKatchApplication on MSC0L9WG80L with PID 38920 (/Users/kphan1/Dev/Personal/IsAKatch/target/classes started by kphan1 in /Users/kphan1/Dev/Personal/IsAKatch)
2017-04-22 16:36:37.711  INFO 38920 --- [main] c.project.isakatch.IsAKatchApplication   : No active profile set, falling back to default profiles: default
2017-04-22 16:36:37.748  INFO 38920 --- [main] ationConfigEmbeddedWebApplicationContext : Refreshing org.springframework.boot.context.embedded.AnnotationConfigEmbeddedWebApplicationContext@255b53dc: startup date [Sat Apr 22 16:36:37 EDT 2017]; root of context hierarchy
2017-04-22 16:36:38.819  INFO 38920 --- [main] s.b.c.e.t.TomcatEmbeddedServletContainer : Tomcat initialized with port(s): 8080 (http)
2017-04-22 16:36:38.829  INFO 38920 --- [main] o.apache.catalina.core.StandardService   : Starting service Tomcat
2017-04-22 16:36:38.830  INFO 38920 --- [main] org.apache.catalina.core.StandardEngine  : Starting Servlet Engine: Apache Tomcat/8.5.14
2017-04-22 16:36:38.926  INFO 38920 --- [localhost-startStop-1] o.a.c.c.C.[Tomcat].[localhost].[/]       : Initializing Spring embedded WebApplicationContext
2017-04-22 16:36:38.926  INFO 38920 --- [localhost-startStop-1] o.s.web.context.ContextLoader            : Root WebApplicationContext: initialization completed in 1181 ms
2017-04-22 16:36:39.058  INFO 38920 --- [localhost-startStop-1] o.s.b.w.servlet.ServletRegistrationBean  : Mapping servlet: 'webServlet' to [/console/*]
2017-04-22 16:36:39.060  INFO 38920 --- [localhost-startStop-1] o.s.b.w.servlet.ServletRegistrationBean  : Mapping servlet: 'dispatcherServlet' to [/]
2017-04-22 16:36:39.062  INFO 38920 --- [localhost-startStop-1] o.s.b.w.servlet.FilterRegistrationBean   : Mapping filter: 'characterEncodingFilter' to: [/*]
2017-04-22 16:36:39.062  INFO 38920 --- [localhost-startStop-1] o.s.b.w.servlet.FilterRegistrationBean   : Mapping filter: 'hiddenHttpMethodFilter' to: [/*]
2017-04-22 16:36:39.063  INFO 38920 --- [localhost-startStop-1] o.s.b.w.servlet.FilterRegistrationBean   : Mapping filter: 'httpPutFormContentFilter' to: [/*]
2017-04-22 16:36:39.063  INFO 38920 --- [localhost-startStop-1] o.s.b.w.servlet.FilterRegistrationBean   : Mapping filter: 'requestContextFilter' to: [/*]
2017-04-22 16:36:39.424  INFO 38920 --- [main] j.LocalContainerEntityManagerFactoryBean : Building JPA container EntityManagerFactory for persistence unit 'default'
2017-04-22 16:36:39.436  INFO 38920 --- [main] o.hibernate.jpa.internal.util.LogHelper  : HHH000204: Processing PersistenceUnitInfo [
	name: default
	...]
2017-04-22 16:36:39.494  INFO 38920 --- [main] org.hibernate.Version                    : HHH000412: Hibernate Core {5.0.12.Final}
2017-04-22 16:36:39.495  INFO 38920 --- [main] org.hibernate.cfg.Environment            : HHH000206: hibernate.properties not found
2017-04-22 16:36:39.497  INFO 38920 --- [main] org.hibernate.cfg.Environment            : HHH000021: Bytecode provider name : javassist
2017-04-22 16:36:39.523  INFO 38920 --- [main] o.hibernate.annotations.common.Version   : HCANN000001: Hibernate Commons Annotations {5.0.1.Final}
2017-04-22 16:36:39.598  INFO 38920 --- [main] org.hibernate.dialect.Dialect            : HHH000400: Using dialect: org.hibernate.dialect.H2Dialect
2017-04-22 16:36:40.009  INFO 38920 --- [main] org.hibernate.tool.hbm2ddl.SchemaExport  : HHH000227: Running hbm2ddl schema export
2017-04-22 16:36:40.020  INFO 38920 --- [main] org.hibernate.tool.hbm2ddl.SchemaExport  : HHH000230: Schema export complete
2017-04-22 16:36:40.046  INFO 38920 --- [main] j.LocalContainerEntityManagerFactoryBean : Initialized JPA EntityManagerFactory for persistence unit 'default'
2017-04-22 16:36:40.385  INFO 38920 --- [main] s.w.s.m.m.a.RequestMappingHandlerAdapter : Looking for @ControllerAdvice: org.springframework.boot.context.embedded.AnnotationConfigEmbeddedWebApplicationContext@255b53dc: startup date [Sat Apr 22 16:36:37 EDT 2017]; root of context hierarchy
2017-04-22 16:36:40.437  INFO 38920 --- [main] s.w.s.m.m.a.RequestMappingHandlerMapping : Mapped "{[/getBagById]}" onto public java.util.Collection<com.project.isakatch.Model.Bag> com.project.isakatch.Controller.BagController.getBags()
2017-04-22 16:36:40.438  WARN 38920 --- [main] ationConfigEmbeddedWebApplicationContext : Exception encountered during context initialization - cancelling refresh attempt: org.springframework.beans.factory.BeanCreationException: Error creating bean with name 'requestMappingHandlerMapping' defined in class path resource [org/springframework/boot/autoconfigure/web/WebMvcAutoConfiguration$EnableWebMvcConfiguration.class]: Invocation of init method failed; nested exception is java.lang.IllegalStateException: Ambiguous mapping. Cannot map 'bagController' method 
public com.project.isakatch.Model.Bag com.project.isakatch.Controller.BagController.getBagById(int)
to {[/getBagById]}: There is already 'bagController' bean method
public java.util.Collection<com.project.isakatch.Model.Bag> com.project.isakatch.Controller.BagController.getBags() mapped.
2017-04-22 16:36:40.439  INFO 38920 --- [main] j.LocalContainerEntityManagerFactoryBean : Closing JPA EntityManagerFactory for persistence unit 'default'
2017-04-22 16:36:40.439  INFO 38920 --- [main] org.hibernate.tool.hbm2ddl.SchemaExport  : HHH000227: Running hbm2ddl schema export
2017-04-22 16:36:40.442  INFO 38920 --- [main] org.hibernate.tool.hbm2ddl.SchemaExport  : HHH000230: Schema export complete
2017-04-22 16:36:40.444  INFO 38920 --- [main] o.apache.catalina.core.StandardService   : Stopping service Tomcat
2017-04-22 16:36:40.454  INFO 38920 --- [main] utoConfigurationReportLoggingInitializer : 

Error starting ApplicationContext. To display the auto-configuration report re-run your application with 'debug' enabled.
2017-04-22 16:36:40.460 ERROR 38920 --- [main] o.s.boot.SpringApplication               : Application startup failed

org.springframework.beans.factory.BeanCreationException: Error creating bean with name 'requestMappingHandlerMapping' defined in class path resource [org/springframework/boot/autoconfigure/web/WebMvcAutoConfiguration$EnableWebMvcConfiguration.class]: Invocation of init method failed; nested exception is java.lang.IllegalStateException: Ambiguous mapping. Cannot map 'bagController' method 
public com.project.isakatch.Model.Bag com.project.isakatch.Controller.BagController.getBagById(int)
to {[/getBagById]}: There is already 'bagController' bean method
public java.util.Collection<com.project.isakatch.Model.Bag> com.project.isakatch.Controller.BagController.getBags() mapped.
	at org.springframework.beans.factory.support.AbstractAutowireCapableBeanFactory.initializeBean(AbstractAutowireCapableBeanFactory.java:1628) ~[spring-beans-4.3.8.RELEASE.jar:4.3.8.RELEASE]
	at org.springframework.beans.factory.support.AbstractAutowireCapableBeanFactory.doCreateBean(AbstractAutowireCapableBeanFactory.java:555) ~[spring-beans-4.3.8.RELEASE.jar:4.3.8.RELEASE]
	at org.springframework.beans.factory.support.AbstractAutowireCapableBeanFactory.createBean(AbstractAutowireCapableBeanFactory.java:483) ~[spring-beans-4.3.8.RELEASE.jar:4.3.8.RELEASE]
	at org.springframework.beans.factory.support.AbstractBeanFactory$1.getObject(AbstractBeanFactory.java:306) ~[spring-beans-4.3.8.RELEASE.jar:4.3.8.RELEASE]
	at org.springframework.beans.factory.support.DefaultSingletonBeanRegistry.getSingleton(DefaultSingletonBeanRegistry.java:230) ~[spring-beans-4.3.8.RELEASE.jar:4.3.8.RELEASE]
	at org.springframework.beans.factory.support.AbstractBeanFactory.doGetBean(AbstractBeanFactory.java:302) ~[spring-beans-4.3.8.RELEASE.jar:4.3.8.RELEASE]
	at org.springframework.beans.factory.support.AbstractBeanFactory.getBean(AbstractBeanFactory.java:197) ~[spring-beans-4.3.8.RELEASE.jar:4.3.8.RELEASE]
	at org.springframework.beans.factory.support.DefaultListableBeanFactory.preInstantiateSingletons(DefaultListableBeanFactory.java:761) ~[spring-beans-4.3.8.RELEASE.jar:4.3.8.RELEASE]
	at org.springframework.context.support.AbstractApplicationContext.finishBeanFactoryInitialization(AbstractApplicationContext.java:866) ~[spring-context-4.3.8.RELEASE.jar:4.3.8.RELEASE]
	at org.springframework.context.support.AbstractApplicationContext.refresh(AbstractApplicationContext.java:542) ~[spring-context-4.3.8.RELEASE.jar:4.3.8.RELEASE]
	at org.springframework.boot.context.embedded.EmbeddedWebApplicationContext.refresh(EmbeddedWebApplicationContext.java:122) ~[spring-boot-1.5.3.RELEASE.jar:1.5.3.RELEASE]
	at org.springframework.boot.SpringApplication.refresh(SpringApplication.java:737) [spring-boot-1.5.3.RELEASE.jar:1.5.3.RELEASE]
	at org.springframework.boot.SpringApplication.refreshContext(SpringApplication.java:370) [spring-boot-1.5.3.RELEASE.jar:1.5.3.RELEASE]
	at org.springframework.boot.SpringApplication.run(SpringApplication.java:314) [spring-boot-1.5.3.RELEASE.jar:1.5.3.RELEASE]
	at org.springframework.boot.SpringApplication.run(SpringApplication.java:1162) [spring-boot-1.5.3.RELEASE.jar:1.5.3.RELEASE]
	at org.springframework.boot.SpringApplication.run(SpringApplication.java:1151) [spring-boot-1.5.3.RELEASE.jar:1.5.3.RELEASE]
	at com.project.isakatch.IsAKatchApplication.main(IsAKatchApplication.java:15) [classes/:na]
	at sun.reflect.NativeMethodAccessorImpl.invoke0(Native Method) ~[na:1.8.0_121]
	at sun.reflect.NativeMethodAccessorImpl.invoke(NativeMethodAccessorImpl.java:62) ~[na:1.8.0_121]
	at sun.reflect.DelegatingMethodAccessorImpl.invoke(DelegatingMethodAccessorImpl.java:43) ~[na:1.8.0_121]
	at java.lang.reflect.Method.invoke(Method.java:498) ~[na:1.8.0_121]
	at com.intellij.rt.execution.application.AppMain.main(AppMain.java:144) [idea_rt.jar:na]
Caused by: java.lang.IllegalStateException: Ambiguous mapping. Cannot map 'bagController' method 
public com.project.isakatch.Model.Bag com.project.isakatch.Controller.BagController.getBagById(int)
to {[/getBagById]}: There is already 'bagController' bean method
public java.util.Collection<com.project.isakatch.Model.Bag> com.project.isakatch.Controller.BagController.getBags() mapped.
	at org.springframework.web.servlet.handler.AbstractHandlerMethodMapping$MappingRegistry.assertUniqueMethodMapping(AbstractHandlerMethodMapping.java:576) ~[spring-webmvc-4.3.8.RELEASE.jar:4.3.8.RELEASE]
	at org.springframework.web.servlet.handler.AbstractHandlerMethodMapping$MappingRegistry.register(AbstractHandlerMethodMapping.java:540) ~[spring-webmvc-4.3.8.RELEASE.jar:4.3.8.RELEASE]
	at org.springframework.web.servlet.handler.AbstractHandlerMethodMapping.registerHandlerMethod(AbstractHandlerMethodMapping.java:264) ~[spring-webmvc-4.3.8.RELEASE.jar:4.3.8.RELEASE]
	at org.springframework.web.servlet.handler.AbstractHandlerMethodMapping.detectHandlerMethods(AbstractHandlerMethodMapping.java:250) ~[spring-webmvc-4.3.8.RELEASE.jar:4.3.8.RELEASE]
	at org.springframework.web.servlet.handler.AbstractHandlerMethodMapping.initHandlerMethods(AbstractHandlerMethodMapping.java:214) ~[spring-webmvc-4.3.8.RELEASE.jar:4.3.8.RELEASE]
	at org.springframework.web.servlet.handler.AbstractHandlerMethodMapping.afterPropertiesSet(AbstractHandlerMethodMapping.java:184) ~[spring-webmvc-4.3.8.RELEASE.jar:4.3.8.RELEASE]
	at org.springframework.web.servlet.mvc.method.annotation.RequestMappingHandlerMapping.afterPropertiesSet(RequestMappingHandlerMapping.java:127) ~[spring-webmvc-4.3.8.RELEASE.jar:4.3.8.RELEASE]
	at org.springframework.beans.factory.support.AbstractAutowireCapableBeanFactory.invokeInitMethods(AbstractAutowireCapableBeanFactory.java:1687) ~[spring-beans-4.3.8.RELEASE.jar:4.3.8.RELEASE]
	at org.springframework.beans.factory.support.AbstractAutowireCapableBeanFactory.initializeBean(AbstractAutowireCapableBeanFactory.java:1624) ~[spring-beans-4.3.8.RELEASE.jar:4.3.8.RELEASE]
	... 21 common frames omitted

2017-04-22 16:37:18.526  INFO 38922 --- [main] c.project.isakatch.IsAKatchApplication   : Starting IsAKatchApplication on MSC0L9WG80L with PID 38922 (/Users/kphan1/Dev/Personal/IsAKatch/target/classes started by kphan1 in /Users/kphan1/Dev/Personal/IsAKatch)
2017-04-22 16:37:18.528  INFO 38922 --- [main] c.project.isakatch.IsAKatchApplication   : No active profile set, falling back to default profiles: default
2017-04-22 16:37:18.588  INFO 38922 --- [main] ationConfigEmbeddedWebApplicationContext : Refreshing org.springframework.boot.context.embedded.AnnotationConfigEmbeddedWebApplicationContext@255b53dc: startup date [Sat Apr 22 16:37:18 EDT 2017]; root of context hierarchy
2017-04-22 16:37:20.040  INFO 38922 --- [main] s.b.c.e.t.TomcatEmbeddedServletContainer : Tomcat initialized with port(s): 8080 (http)
2017-04-22 16:37:20.050  INFO 38922 --- [main] o.apache.catalina.core.StandardService   : Starting service Tomcat
2017-04-22 16:37:20.051  INFO 38922 --- [main] org.apache.catalina.core.StandardEngine  : Starting Servlet Engine: Apache Tomcat/8.5.14
2017-04-22 16:37:20.142  INFO 38922 --- [localhost-startStop-1] o.a.c.c.C.[Tomcat].[localhost].[/]       : Initializing Spring embedded WebApplicationContext
2017-04-22 16:37:20.142  INFO 38922 --- [localhost-startStop-1] o.s.web.context.ContextLoader            : Root WebApplicationContext: initialization completed in 1560 ms
2017-04-22 16:37:20.239  INFO 38922 --- [localhost-startStop-1] o.s.b.w.servlet.ServletRegistrationBean  : Mapping servlet: 'webServlet' to [/console/*]
2017-04-22 16:37:20.240  INFO 38922 --- [localhost-startStop-1] o.s.b.w.servlet.ServletRegistrationBean  : Mapping servlet: 'dispatcherServlet' to [/]
2017-04-22 16:37:20.242  INFO 38922 --- [localhost-startStop-1] o.s.b.w.servlet.FilterRegistrationBean   : Mapping filter: 'characterEncodingFilter' to: [/*]
2017-04-22 16:37:20.242  INFO 38922 --- [localhost-startStop-1] o.s.b.w.servlet.FilterRegistrationBean   : Mapping filter: 'hiddenHttpMethodFilter' to: [/*]
2017-04-22 16:37:20.242  INFO 38922 --- [localhost-startStop-1] o.s.b.w.servlet.FilterRegistrationBean   : Mapping filter: 'httpPutFormContentFilter' to: [/*]
2017-04-22 16:37:20.242  INFO 38922 --- [localhost-startStop-1] o.s.b.w.servlet.FilterRegistrationBean   : Mapping filter: 'requestContextFilter' to: [/*]
2017-04-22 16:37:20.594  INFO 38922 --- [main] j.LocalContainerEntityManagerFactoryBean : Building JPA container EntityManagerFactory for persistence unit 'default'
2017-04-22 16:37:20.606  INFO 38922 --- [main] o.hibernate.jpa.internal.util.LogHelper  : HHH000204: Processing PersistenceUnitInfo [
	name: default
	...]
2017-04-22 16:37:20.664  INFO 38922 --- [main] org.hibernate.Version                    : HHH000412: Hibernate Core {5.0.12.Final}
2017-04-22 16:37:20.665  INFO 38922 --- [main] org.hibernate.cfg.Environment            : HHH000206: hibernate.properties not found
2017-04-22 16:37:20.666  INFO 38922 --- [main] org.hibernate.cfg.Environment            : HHH000021: Bytecode provider name : javassist
2017-04-22 16:37:20.693  INFO 38922 --- [main] o.hibernate.annotations.common.Version   : HCANN000001: Hibernate Commons Annotations {5.0.1.Final}
2017-04-22 16:37:20.773  INFO 38922 --- [main] org.hibernate.dialect.Dialect            : HHH000400: Using dialect: org.hibernate.dialect.H2Dialect
2017-04-22 16:37:21.171  INFO 38922 --- [main] org.hibernate.tool.hbm2ddl.SchemaExport  : HHH000227: Running hbm2ddl schema export
2017-04-22 16:37:21.181  INFO 38922 --- [main] org.hibernate.tool.hbm2ddl.SchemaExport  : HHH000230: Schema export complete
2017-04-22 16:37:21.208  INFO 38922 --- [main] j.LocalContainerEntityManagerFactoryBean : Initialized JPA EntityManagerFactory for persistence unit 'default'
2017-04-22 16:37:21.555  INFO 38922 --- [main] s.w.s.m.m.a.RequestMappingHandlerAdapter : Looking for @ControllerAdvice: org.springframework.boot.context.embedded.AnnotationConfigEmbeddedWebApplicationContext@255b53dc: startup date [Sat Apr 22 16:37:18 EDT 2017]; root of context hierarchy
2017-04-22 16:37:21.603  INFO 38922 --- [main] s.w.s.m.m.a.RequestMappingHandlerMapping : Mapped "{[/getBags]}" onto public java.util.Collection<com.project.isakatch.Model.Bag> com.project.isakatch.Controller.BagController.getBags()
2017-04-22 16:37:21.604  INFO 38922 --- [main] s.w.s.m.m.a.RequestMappingHandlerMapping : Mapped "{[/getBagById]}" onto public com.project.isakatch.Model.Bag com.project.isakatch.Controller.BagController.getBagById(int)
2017-04-22 16:37:21.606  INFO 38922 --- [main] s.w.s.m.m.a.RequestMappingHandlerMapping : Mapped "{[/error]}" onto public org.springframework.http.ResponseEntity<java.util.Map<java.lang.String, java.lang.Object>> org.springframework.boot.autoconfigure.web.BasicErrorController.error(javax.servlet.http.HttpServletRequest)
2017-04-22 16:37:21.606  INFO 38922 --- [main] s.w.s.m.m.a.RequestMappingHandlerMapping : Mapped "{[/error],produces=[text/html]}" onto public org.springframework.web.servlet.ModelAndView org.springframework.boot.autoconfigure.web.BasicErrorController.errorHtml(javax.servlet.http.HttpServletRequest,javax.servlet.http.HttpServletResponse)
2017-04-22 16:37:21.633  INFO 38922 --- [main] o.s.w.s.handler.SimpleUrlHandlerMapping  : Mapped URL path [/webjars/**] onto handler of type [class org.springframework.web.servlet.resource.ResourceHttpRequestHandler]
2017-04-22 16:37:21.633  INFO 38922 --- [main] o.s.w.s.handler.SimpleUrlHandlerMapping  : Mapped URL path [/**] onto handler of type [class org.springframework.web.servlet.resource.ResourceHttpRequestHandler]
2017-04-22 16:37:21.657  INFO 38922 --- [main] o.s.w.s.handler.SimpleUrlHandlerMapping  : Mapped URL path [/**/favicon.ico] onto handler of type [class org.springframework.web.servlet.resource.ResourceHttpRequestHandler]
2017-04-22 16:37:21.814  INFO 38922 --- [main] o.s.j.e.a.AnnotationMBeanExporter        : Registering beans for JMX exposure on startup
2017-04-22 16:37:21.891  INFO 38922 --- [main] c.p.i.Persistence.Loader.BagLoader       : Saved Shirt - id: 1
2017-04-22 16:37:21.935  INFO 38922 --- [main] s.b.c.e.t.TomcatEmbeddedServletContainer : Tomcat started on port(s): 8080 (http)
2017-04-22 16:37:21.941  INFO 38922 --- [main] c.project.isakatch.IsAKatchApplication   : Started IsAKatchApplication in 3.694 seconds (JVM running for 3.99)
2017-04-22 16:37:27.951  INFO 38922 --- [http-nio-8080-exec-1] o.a.c.c.C.[Tomcat].[localhost].[/]       : Initializing Spring FrameworkServlet 'dispatcherServlet'
2017-04-22 16:37:27.951  INFO 38922 --- [http-nio-8080-exec-1] o.s.web.servlet.DispatcherServlet        : FrameworkServlet 'dispatcherServlet': initialization started
2017-04-22 16:37:27.962  INFO 38922 --- [http-nio-8080-exec-1] o.s.web.servlet.DispatcherServlet        : FrameworkServlet 'dispatcherServlet': initialization completed in 11 ms
2017-04-22 16:37:27.983  INFO 38922 --- [http-nio-8080-exec-1] c.p.isakatch.Controller.BagController    : getBagById Called for id: 1
2017-04-22 16:37:35.954  INFO 38922 --- [http-nio-8080-exec-2] c.p.isakatch.Controller.BagController    : getBags called
2017-04-22 16:37:35.977  INFO 38922 --- [http-nio-8080-exec-2] o.h.h.i.QueryTranslatorFactoryInitiator  : HHH000397: Using ASTQueryTranslatorFactory
2017-04-22 16:40:43.320  INFO 38922 --- [Thread-5] ationConfigEmbeddedWebApplicationContext : Closing org.springframework.boot.context.embedded.AnnotationConfigEmbeddedWebApplicationContext@255b53dc: startup date [Sat Apr 22 16:37:18 EDT 2017]; root of context hierarchy
2017-04-22 16:40:43.322  INFO 38922 --- [Thread-5] o.s.j.e.a.AnnotationMBeanExporter        : Unregistering JMX-exposed beans on shutdown
2017-04-22 16:40:43.323  INFO 38922 --- [Thread-5] j.LocalContainerEntityManagerFactoryBean : Closing JPA EntityManagerFactory for persistence unit 'default'
2017-04-22 16:40:43.323  INFO 38922 --- [Thread-5] org.hibernate.tool.hbm2ddl.SchemaExport  : HHH000227: Running hbm2ddl schema export
2017-04-22 16:40:43.325  INFO 38922 --- [Thread-5] org.hibernate.tool.hbm2ddl.SchemaExport  : HHH000230: Schema export complete
2017-04-22 16:40:46.419  INFO 39018 --- [main] c.project.isakatch.IsAKatchApplication   : Starting IsAKatchApplication on MSC0L9WG80L with PID 39018 (/Users/kphan1/Dev/Personal/IsAKatch/target/classes started by kphan1 in /Users/kphan1/Dev/Personal/IsAKatch)
2017-04-22 16:40:46.422  INFO 39018 --- [main] c.project.isakatch.IsAKatchApplication   : No active profile set, falling back to default profiles: default
2017-04-22 16:40:46.467  INFO 39018 --- [main] ationConfigEmbeddedWebApplicationContext : Refreshing org.springframework.boot.context.embedded.AnnotationConfigEmbeddedWebApplicationContext@255b53dc: startup date [Sat Apr 22 16:40:46 EDT 2017]; root of context hierarchy
2017-04-22 16:40:47.894  INFO 39018 --- [main] s.b.c.e.t.TomcatEmbeddedServletContainer : Tomcat initialized with port(s): 8080 (http)
2017-04-22 16:40:47.907  INFO 39018 --- [main] o.apache.catalina.core.StandardService   : Starting service Tomcat
2017-04-22 16:40:47.908  INFO 39018 --- [main] org.apache.catalina.core.StandardEngine  : Starting Servlet Engine: Apache Tomcat/8.5.14
2017-04-22 16:40:47.999  INFO 39018 --- [localhost-startStop-1] o.a.c.c.C.[Tomcat].[localhost].[/]       : Initializing Spring embedded WebApplicationContext
2017-04-22 16:40:47.999  INFO 39018 --- [localhost-startStop-1] o.s.web.context.ContextLoader            : Root WebApplicationContext: initialization completed in 1535 ms
2017-04-22 16:40:48.098  INFO 39018 --- [localhost-startStop-1] o.s.b.w.servlet.ServletRegistrationBean  : Mapping servlet: 'webServlet' to [/console/*]
2017-04-22 16:40:48.100  INFO 39018 --- [localhost-startStop-1] o.s.b.w.servlet.ServletRegistrationBean  : Mapping servlet: 'dispatcherServlet' to [/]
2017-04-22 16:40:48.102  INFO 39018 --- [localhost-startStop-1] o.s.b.w.servlet.FilterRegistrationBean   : Mapping filter: 'characterEncodingFilter' to: [/*]
2017-04-22 16:40:48.103  INFO 39018 --- [localhost-startStop-1] o.s.b.w.servlet.FilterRegistrationBean   : Mapping filter: 'hiddenHttpMethodFilter' to: [/*]
2017-04-22 16:40:48.103  INFO 39018 --- [localhost-startStop-1] o.s.b.w.servlet.FilterRegistrationBean   : Mapping filter: 'httpPutFormContentFilter' to: [/*]
2017-04-22 16:40:48.103  INFO 39018 --- [localhost-startStop-1] o.s.b.w.servlet.FilterRegistrationBean   : Mapping filter: 'requestContextFilter' to: [/*]
2017-04-22 16:40:48.454  INFO 39018 --- [main] j.LocalContainerEntityManagerFactoryBean : Building JPA container EntityManagerFactory for persistence unit 'default'
2017-04-22 16:40:48.468  INFO 39018 --- [main] o.hibernate.jpa.internal.util.LogHelper  : HHH000204: Processing PersistenceUnitInfo [
	name: default
	...]
2017-04-22 16:40:48.522  INFO 39018 --- [main] org.hibernate.Version                    : HHH000412: Hibernate Core {5.0.12.Final}
2017-04-22 16:40:48.523  INFO 39018 --- [main] org.hibernate.cfg.Environment            : HHH000206: hibernate.properties not found
2017-04-22 16:40:48.524  INFO 39018 --- [main] org.hibernate.cfg.Environment            : HHH000021: Bytecode provider name : javassist
2017-04-22 16:40:48.552  INFO 39018 --- [main] o.hibernate.annotations.common.Version   : HCANN000001: Hibernate Commons Annotations {5.0.1.Final}
2017-04-22 16:40:48.636  INFO 39018 --- [main] org.hibernate.dialect.Dialect            : HHH000400: Using dialect: org.hibernate.dialect.H2Dialect
2017-04-22 16:40:49.048  INFO 39018 --- [main] org.hibernate.tool.hbm2ddl.SchemaExport  : HHH000227: Running hbm2ddl schema export
2017-04-22 16:40:49.058  INFO 39018 --- [main] org.hibernate.tool.hbm2ddl.SchemaExport  : HHH000230: Schema export complete
2017-04-22 16:40:49.084  INFO 39018 --- [main] j.LocalContainerEntityManagerFactoryBean : Initialized JPA EntityManagerFactory for persistence unit 'default'
2017-04-22 16:40:49.419  INFO 39018 --- [main] s.w.s.m.m.a.RequestMappingHandlerAdapter : Looking for @ControllerAdvice: org.springframework.boot.context.embedded.AnnotationConfigEmbeddedWebApplicationContext@255b53dc: startup date [Sat Apr 22 16:40:46 EDT 2017]; root of context hierarchy
2017-04-22 16:40:49.473  INFO 39018 --- [main] s.w.s.m.m.a.RequestMappingHandlerMapping : Mapped "{[/addBag],methods=[POST]}" onto public com.project.isakatch.Model.Bag com.project.isakatch.Controller.BagController.addBag(com.project.isakatch.Model.Bag)
2017-04-22 16:40:49.474  INFO 39018 --- [main] s.w.s.m.m.a.RequestMappingHandlerMapping : Mapped "{[/getBags]}" onto public java.util.Collection<com.project.isakatch.Model.Bag> com.project.isakatch.Controller.BagController.getBags()
2017-04-22 16:40:49.474  INFO 39018 --- [main] s.w.s.m.m.a.RequestMappingHandlerMapping : Mapped "{[/getBagById]}" onto public com.project.isakatch.Model.Bag com.project.isakatch.Controller.BagController.getBagById(int)
2017-04-22 16:40:49.475  INFO 39018 --- [main] s.w.s.m.m.a.RequestMappingHandlerMapping : Mapped "{[/error]}" onto public org.springframework.http.ResponseEntity<java.util.Map<java.lang.String, java.lang.Object>> org.springframework.boot.autoconfigure.web.BasicErrorController.error(javax.servlet.http.HttpServletRequest)
2017-04-22 16:40:49.475  INFO 39018 --- [main] s.w.s.m.m.a.RequestMappingHandlerMapping : Mapped "{[/error],produces=[text/html]}" onto public org.springframework.web.servlet.ModelAndView org.springframework.boot.autoconfigure.web.BasicErrorController.errorHtml(javax.servlet.http.HttpServletRequest,javax.servlet.http.HttpServletResponse)
2017-04-22 16:40:49.501  INFO 39018 --- [main] o.s.w.s.handler.SimpleUrlHandlerMapping  : Mapped URL path [/webjars/**] onto handler of type [class org.springframework.web.servlet.resource.ResourceHttpRequestHandler]
2017-04-22 16:40:49.502  INFO 39018 --- [main] o.s.w.s.handler.SimpleUrlHandlerMapping  : Mapped URL path [/**] onto handler of type [class org.springframework.web.servlet.resource.ResourceHttpRequestHandler]
2017-04-22 16:40:49.527  INFO 39018 --- [main] o.s.w.s.handler.SimpleUrlHandlerMapping  : Mapped URL path [/**/favicon.ico] onto handler of type [class org.springframework.web.servlet.resource.ResourceHttpRequestHandler]
2017-04-22 16:40:49.718  INFO 39018 --- [main] o.s.j.e.a.AnnotationMBeanExporter        : Registering beans for JMX exposure on startup
2017-04-22 16:40:49.786  INFO 39018 --- [main] c.p.i.Persistence.Loader.BagLoader       : Saved Shirt - id: 1
2017-04-22 16:40:49.820  INFO 39018 --- [main] s.b.c.e.t.TomcatEmbeddedServletContainer : Tomcat started on port(s): 8080 (http)
2017-04-22 16:40:49.825  INFO 39018 --- [main] c.project.isakatch.IsAKatchApplication   : Started IsAKatchApplication in 3.728 seconds (JVM running for 4.03)
2017-04-22 16:44:01.817  INFO 39018 --- [http-nio-8080-exec-1] o.a.c.c.C.[Tomcat].[localhost].[/]       : Initializing Spring FrameworkServlet 'dispatcherServlet'
2017-04-22 16:44:01.817  INFO 39018 --- [http-nio-8080-exec-1] o.s.web.servlet.DispatcherServlet        : FrameworkServlet 'dispatcherServlet': initialization started
2017-04-22 16:44:01.828  INFO 39018 --- [http-nio-8080-exec-1] o.s.web.servlet.DispatcherServlet        : FrameworkServlet 'dispatcherServlet': initialization completed in 10 ms
2017-04-22 16:44:01.841  WARN 39018 --- [http-nio-8080-exec-1] o.s.web.servlet.PageNotFound             : Request method 'GET' not supported
2017-04-22 16:45:00.615  WARN 39018 --- [http-nio-8080-exec-2] o.s.web.servlet.PageNotFound             : Request method 'GET' not supported
2017-04-22 16:45:03.921  WARN 39018 --- [http-nio-8080-exec-3] o.s.web.servlet.PageNotFound             : Request method 'GET' not supported
2017-04-22 16:45:23.681  INFO 39018 --- [Thread-5] ationConfigEmbeddedWebApplicationContext : Closing org.springframework.boot.context.embedded.AnnotationConfigEmbeddedWebApplicationContext@255b53dc: startup date [Sat Apr 22 16:40:46 EDT 2017]; root of context hierarchy
2017-04-22 16:45:23.683  INFO 39018 --- [Thread-5] o.s.j.e.a.AnnotationMBeanExporter        : Unregistering JMX-exposed beans on shutdown
2017-04-22 16:45:23.684  INFO 39018 --- [Thread-5] j.LocalContainerEntityManagerFactoryBean : Closing JPA EntityManagerFactory for persistence unit 'default'
2017-04-22 16:45:23.685  INFO 39018 --- [Thread-5] org.hibernate.tool.hbm2ddl.SchemaExport  : HHH000227: Running hbm2ddl schema export
2017-04-22 16:45:23.687  INFO 39018 --- [Thread-5] org.hibernate.tool.hbm2ddl.SchemaExport  : HHH000230: Schema export complete
2017-04-22 16:45:32.905  INFO 39039 --- [main] c.project.isakatch.IsAKatchApplication   : Starting IsAKatchApplication on MSC0L9WG80L with PID 39039 (/Users/kphan1/Dev/Personal/IsAKatch/target/classes started by kphan1 in /Users/kphan1/Dev/Personal/IsAKatch)
2017-04-22 16:45:32.907  INFO 39039 --- [main] c.project.isakatch.IsAKatchApplication   : No active profile set, falling back to default profiles: default
2017-04-22 16:45:32.945  INFO 39039 --- [main] ationConfigEmbeddedWebApplicationContext : Refreshing org.springframework.boot.context.embedded.AnnotationConfigEmbeddedWebApplicationContext@255b53dc: startup date [Sat Apr 22 16:45:32 EDT 2017]; root of context hierarchy
2017-04-22 16:45:34.024  INFO 39039 --- [main] s.b.c.e.t.TomcatEmbeddedServletContainer : Tomcat initialized with port(s): 8080 (http)
2017-04-22 16:45:34.041  INFO 39039 --- [main] o.apache.catalina.core.StandardService   : Starting service Tomcat
2017-04-22 16:45:34.043  INFO 39039 --- [main] org.apache.catalina.core.StandardEngine  : Starting Servlet Engine: Apache Tomcat/8.5.14
2017-04-22 16:45:34.129  INFO 39039 --- [localhost-startStop-1] o.a.c.c.C.[Tomcat].[localhost].[/]       : Initializing Spring embedded WebApplicationContext
2017-04-22 16:45:34.129  INFO 39039 --- [localhost-startStop-1] o.s.web.context.ContextLoader            : Root WebApplicationContext: initialization completed in 1186 ms
2017-04-22 16:45:34.220  INFO 39039 --- [localhost-startStop-1] o.s.b.w.servlet.ServletRegistrationBean  : Mapping servlet: 'webServlet' to [/console/*]
2017-04-22 16:45:34.221  INFO 39039 --- [localhost-startStop-1] o.s.b.w.servlet.ServletRegistrationBean  : Mapping servlet: 'dispatcherServlet' to [/]
2017-04-22 16:45:34.223  INFO 39039 --- [localhost-startStop-1] o.s.b.w.servlet.FilterRegistrationBean   : Mapping filter: 'characterEncodingFilter' to: [/*]
2017-04-22 16:45:34.224  INFO 39039 --- [localhost-startStop-1] o.s.b.w.servlet.FilterRegistrationBean   : Mapping filter: 'hiddenHttpMethodFilter' to: [/*]
2017-04-22 16:45:34.224  INFO 39039 --- [localhost-startStop-1] o.s.b.w.servlet.FilterRegistrationBean   : Mapping filter: 'httpPutFormContentFilter' to: [/*]
2017-04-22 16:45:34.224  INFO 39039 --- [localhost-startStop-1] o.s.b.w.servlet.FilterRegistrationBean   : Mapping filter: 'requestContextFilter' to: [/*]
2017-04-22 16:45:34.584  INFO 39039 --- [main] j.LocalContainerEntityManagerFactoryBean : Building JPA container EntityManagerFactory for persistence unit 'default'
2017-04-22 16:45:34.597  INFO 39039 --- [main] o.hibernate.jpa.internal.util.LogHelper  : HHH000204: Processing PersistenceUnitInfo [
	name: default
	...]
2017-04-22 16:45:34.646  INFO 39039 --- [main] org.hibernate.Version                    : HHH000412: Hibernate Core {5.0.12.Final}
2017-04-22 16:45:34.647  INFO 39039 --- [main] org.hibernate.cfg.Environment            : HHH000206: hibernate.properties not found
2017-04-22 16:45:34.648  INFO 39039 --- [main] org.hibernate.cfg.Environment            : HHH000021: Bytecode provider name : javassist
2017-04-22 16:45:34.680  INFO 39039 --- [main] o.hibernate.annotations.common.Version   : HCANN000001: Hibernate Commons Annotations {5.0.1.Final}
2017-04-22 16:45:34.761  INFO 39039 --- [main] org.hibernate.dialect.Dialect            : HHH000400: Using dialect: org.hibernate.dialect.H2Dialect
2017-04-22 16:45:35.158  INFO 39039 --- [main] org.hibernate.tool.hbm2ddl.SchemaExport  : HHH000227: Running hbm2ddl schema export
2017-04-22 16:45:35.168  INFO 39039 --- [main] org.hibernate.tool.hbm2ddl.SchemaExport  : HHH000230: Schema export complete
2017-04-22 16:45:35.196  INFO 39039 --- [main] j.LocalContainerEntityManagerFactoryBean : Initialized JPA EntityManagerFactory for persistence unit 'default'
2017-04-22 16:45:35.547  INFO 39039 --- [main] s.w.s.m.m.a.RequestMappingHandlerAdapter : Looking for @ControllerAdvice: org.springframework.boot.context.embedded.AnnotationConfigEmbeddedWebApplicationContext@255b53dc: startup date [Sat Apr 22 16:45:32 EDT 2017]; root of context hierarchy
2017-04-22 16:45:35.597  INFO 39039 --- [main] s.w.s.m.m.a.RequestMappingHandlerMapping : Mapped "{[/addBag],methods=[POST]}" onto public com.project.isakatch.Model.Bag com.project.isakatch.Controller.BagController.addBag(com.project.isakatch.Model.Bag)
2017-04-22 16:45:35.598  INFO 39039 --- [main] s.w.s.m.m.a.RequestMappingHandlerMapping : Mapped "{[/getBagById]}" onto public com.project.isakatch.Model.Bag com.project.isakatch.Controller.BagController.getBagById(int)
2017-04-22 16:45:35.598  INFO 39039 --- [main] s.w.s.m.m.a.RequestMappingHandlerMapping : Mapped "{[/getBags]}" onto public java.util.Collection<com.project.isakatch.Model.Bag> com.project.isakatch.Controller.BagController.getBags()
2017-04-22 16:45:35.600  INFO 39039 --- [main] s.w.s.m.m.a.RequestMappingHandlerMapping : Mapped "{[/error]}" onto public org.springframework.http.ResponseEntity<java.util.Map<java.lang.String, java.lang.Object>> org.springframework.boot.autoconfigure.web.BasicErrorController.error(javax.servlet.http.HttpServletRequest)
2017-04-22 16:45:35.601  INFO 39039 --- [main] s.w.s.m.m.a.RequestMappingHandlerMapping : Mapped "{[/error],produces=[text/html]}" onto public org.springframework.web.servlet.ModelAndView org.springframework.boot.autoconfigure.web.BasicErrorController.errorHtml(javax.servlet.http.HttpServletRequest,javax.servlet.http.HttpServletResponse)
2017-04-22 16:45:35.625  INFO 39039 --- [main] o.s.w.s.handler.SimpleUrlHandlerMapping  : Mapped URL path [/webjars/**] onto handler of type [class org.springframework.web.servlet.resource.ResourceHttpRequestHandler]
2017-04-22 16:45:35.625  INFO 39039 --- [main] o.s.w.s.handler.SimpleUrlHandlerMapping  : Mapped URL path [/**] onto handler of type [class org.springframework.web.servlet.resource.ResourceHttpRequestHandler]
2017-04-22 16:45:35.647  INFO 39039 --- [main] o.s.w.s.handler.SimpleUrlHandlerMapping  : Mapped URL path [/**/favicon.ico] onto handler of type [class org.springframework.web.servlet.resource.ResourceHttpRequestHandler]
2017-04-22 16:45:35.821  INFO 39039 --- [main] o.s.j.e.a.AnnotationMBeanExporter        : Registering beans for JMX exposure on startup
2017-04-22 16:45:35.882  INFO 39039 --- [main] c.p.i.Persistence.Loader.BagLoader       : Saved Shirt - id: 1
2017-04-22 16:45:35.918  INFO 39039 --- [main] s.b.c.e.t.TomcatEmbeddedServletContainer : Tomcat started on port(s): 8080 (http)
2017-04-22 16:45:35.924  INFO 39039 --- [main] c.project.isakatch.IsAKatchApplication   : Started IsAKatchApplication in 4.29 seconds (JVM running for 4.595)
2017-04-22 16:45:42.189  INFO 39039 --- [http-nio-8080-exec-1] o.a.c.c.C.[Tomcat].[localhost].[/]       : Initializing Spring FrameworkServlet 'dispatcherServlet'
2017-04-22 16:45:42.189  INFO 39039 --- [http-nio-8080-exec-1] o.s.web.servlet.DispatcherServlet        : FrameworkServlet 'dispatcherServlet': initialization started
2017-04-22 16:45:42.200  INFO 39039 --- [http-nio-8080-exec-1] o.s.web.servlet.DispatcherServlet        : FrameworkServlet 'dispatcherServlet': initialization completed in 10 ms
2017-04-22 16:45:42.214  WARN 39039 --- [http-nio-8080-exec-1] o.s.web.servlet.PageNotFound             : Request method 'GET' not supported
2017-04-23 20:40:00.160  INFO 39039 --- [Thread-5] ationConfigEmbeddedWebApplicationContext : Closing org.springframework.boot.context.embedded.AnnotationConfigEmbeddedWebApplicationContext@255b53dc: startup date [Sat Apr 22 16:45:32 EDT 2017]; root of context hierarchy
2017-04-23 20:40:00.263  INFO 39039 --- [Thread-5] o.s.j.e.a.AnnotationMBeanExporter        : Unregistering JMX-exposed beans on shutdown
2017-04-23 20:40:00.273  INFO 39039 --- [Thread-5] j.LocalContainerEntityManagerFactoryBean : Closing JPA EntityManagerFactory for persistence unit 'default'
2017-04-23 20:40:00.282  INFO 39039 --- [Thread-5] org.hibernate.tool.hbm2ddl.SchemaExport  : HHH000227: Running hbm2ddl schema export
2017-04-23 20:40:00.322  INFO 39039 --- [Thread-5] org.hibernate.tool.hbm2ddl.SchemaExport  : HHH000230: Schema export complete
2017-04-29 02:22:09.486  INFO 11011 --- [main] c.project.isakatch.IsAKatchApplication   : Starting IsAKatchApplication on MSC0L9WG80L with PID 11011 (/Users/kphan1/Dev/Personal/IsAKatch/target/classes started by kphan1 in /Users/kphan1/Dev/Personal/IsAKatch)
2017-04-29 02:22:09.489  INFO 11011 --- [main] c.project.isakatch.IsAKatchApplication   : No active profile set, falling back to default profiles: default
2017-04-29 02:22:09.546  INFO 11011 --- [main] ationConfigEmbeddedWebApplicationContext : Refreshing org.springframework.boot.context.embedded.AnnotationConfigEmbeddedWebApplicationContext@320fec1b: startup date [Sat Apr 29 02:22:09 EDT 2017]; root of context hierarchy
2017-04-29 02:22:10.980  INFO 11011 --- [main] s.b.c.e.t.TomcatEmbeddedServletContainer : Tomcat initialized with port(s): 8080 (http)
2017-04-29 02:22:10.989  INFO 11011 --- [main] o.apache.catalina.core.StandardService   : Starting service Tomcat
2017-04-29 02:22:10.990  INFO 11011 --- [main] org.apache.catalina.core.StandardEngine  : Starting Servlet Engine: Apache Tomcat/8.5.14
2017-04-29 02:22:11.058  INFO 11011 --- [localhost-startStop-1] o.a.c.c.C.[Tomcat].[localhost].[/]       : Initializing Spring embedded WebApplicationContext
2017-04-29 02:22:11.059  INFO 11011 --- [localhost-startStop-1] o.s.web.context.ContextLoader            : Root WebApplicationContext: initialization completed in 1516 ms
2017-04-29 02:22:11.185  INFO 11011 --- [localhost-startStop-1] o.s.b.w.servlet.ServletRegistrationBean  : Mapping servlet: 'webServlet' to [/console/*]
2017-04-29 02:22:11.186  INFO 11011 --- [localhost-startStop-1] o.s.b.w.servlet.ServletRegistrationBean  : Mapping servlet: 'dispatcherServlet' to [/]
2017-04-29 02:22:11.189  INFO 11011 --- [localhost-startStop-1] o.s.b.w.servlet.FilterRegistrationBean   : Mapping filter: 'characterEncodingFilter' to: [/*]
2017-04-29 02:22:11.189  INFO 11011 --- [localhost-startStop-1] o.s.b.w.servlet.FilterRegistrationBean   : Mapping filter: 'hiddenHttpMethodFilter' to: [/*]
2017-04-29 02:22:11.189  INFO 11011 --- [localhost-startStop-1] o.s.b.w.servlet.FilterRegistrationBean   : Mapping filter: 'httpPutFormContentFilter' to: [/*]
2017-04-29 02:22:11.191  INFO 11011 --- [localhost-startStop-1] o.s.b.w.servlet.FilterRegistrationBean   : Mapping filter: 'requestContextFilter' to: [/*]
2017-04-29 02:22:11.622  INFO 11011 --- [main] j.LocalContainerEntityManagerFactoryBean : Building JPA container EntityManagerFactory for persistence unit 'default'
2017-04-29 02:22:11.645  INFO 11011 --- [main] o.hibernate.jpa.internal.util.LogHelper  : HHH000204: Processing PersistenceUnitInfo [
	name: default
	...]
2017-04-29 02:22:11.719  INFO 11011 --- [main] org.hibernate.Version                    : HHH000412: Hibernate Core {5.0.12.Final}
2017-04-29 02:22:11.721  INFO 11011 --- [main] org.hibernate.cfg.Environment            : HHH000206: hibernate.properties not found
2017-04-29 02:22:11.722  INFO 11011 --- [main] org.hibernate.cfg.Environment            : HHH000021: Bytecode provider name : javassist
2017-04-29 02:22:11.760  INFO 11011 --- [main] o.hibernate.annotations.common.Version   : HCANN000001: Hibernate Commons Annotations {5.0.1.Final}
2017-04-29 02:22:11.866  INFO 11011 --- [main] org.hibernate.dialect.Dialect            : HHH000400: Using dialect: org.hibernate.dialect.H2Dialect
2017-04-29 02:22:12.225  INFO 11011 --- [main] org.hibernate.tool.hbm2ddl.SchemaExport  : HHH000227: Running hbm2ddl schema export
2017-04-29 02:22:12.236  INFO 11011 --- [main] org.hibernate.tool.hbm2ddl.SchemaExport  : HHH000230: Schema export complete
2017-04-29 02:22:12.270  INFO 11011 --- [main] j.LocalContainerEntityManagerFactoryBean : Initialized JPA EntityManagerFactory for persistence unit 'default'
2017-04-29 02:22:12.849  INFO 11011 --- [main] s.w.s.m.m.a.RequestMappingHandlerAdapter : Looking for @ControllerAdvice: org.springframework.boot.context.embedded.AnnotationConfigEmbeddedWebApplicationContext@320fec1b: startup date [Sat Apr 29 02:22:09 EDT 2017]; root of context hierarchy
2017-04-29 02:22:12.946  INFO 11011 --- [main] s.w.s.m.m.a.RequestMappingHandlerMapping : Mapped "{[/getBagById]}" onto public com.project.isakatch.Model.Bag com.project.isakatch.Controller.BagController.getBagById(int)
2017-04-29 02:22:12.947  INFO 11011 --- [main] s.w.s.m.m.a.RequestMappingHandlerMapping : Mapped "{[/getBags]}" onto public java.util.Collection<com.project.isakatch.Model.Bag> com.project.isakatch.Controller.BagController.getBags()
2017-04-29 02:22:12.947  INFO 11011 --- [main] s.w.s.m.m.a.RequestMappingHandlerMapping : Mapped "{[/addBag],methods=[POST]}" onto public com.project.isakatch.Model.Bag com.project.isakatch.Controller.BagController.addBag(com.project.isakatch.Model.Bag)
2017-04-29 02:22:12.948  INFO 11011 --- [main] s.w.s.m.m.a.RequestMappingHandlerMapping : Mapped "{[/error]}" onto public org.springframework.http.ResponseEntity<java.util.Map<java.lang.String, java.lang.Object>> org.springframework.boot.autoconfigure.web.BasicErrorController.error(javax.servlet.http.HttpServletRequest)
2017-04-29 02:22:12.949  INFO 11011 --- [main] s.w.s.m.m.a.RequestMappingHandlerMapping : Mapped "{[/error],produces=[text/html]}" onto public org.springframework.web.servlet.ModelAndView org.springframework.boot.autoconfigure.web.BasicErrorController.errorHtml(javax.servlet.http.HttpServletRequest,javax.servlet.http.HttpServletResponse)
2017-04-29 02:22:12.975  INFO 11011 --- [main] o.s.w.s.handler.SimpleUrlHandlerMapping  : Mapped URL path [/webjars/**] onto handler of type [class org.springframework.web.servlet.resource.ResourceHttpRequestHandler]
2017-04-29 02:22:12.976  INFO 11011 --- [main] o.s.w.s.handler.SimpleUrlHandlerMapping  : Mapped URL path [/**] onto handler of type [class org.springframework.web.servlet.resource.ResourceHttpRequestHandler]
2017-04-29 02:22:13.012  INFO 11011 --- [main] o.s.w.s.handler.SimpleUrlHandlerMapping  : Mapped URL path [/**/favicon.ico] onto handler of type [class org.springframework.web.servlet.resource.ResourceHttpRequestHandler]
2017-04-29 02:22:13.213  INFO 11011 --- [main] o.s.j.e.a.AnnotationMBeanExporter        : Registering beans for JMX exposure on startup
2017-04-29 02:22:13.281  INFO 11011 --- [main] c.p.i.Persistence.Loader.BagLoader       : Saved Shirt - id: 1
2017-04-29 02:22:13.339  INFO 11011 --- [main] s.b.c.e.t.TomcatEmbeddedServletContainer : Tomcat started on port(s): 8080 (http)
2017-04-29 02:22:13.350  INFO 11011 --- [main] c.project.isakatch.IsAKatchApplication   : Started IsAKatchApplication in 4.209 seconds (JVM running for 7.578)
